Starting process: Module

Starting process: 

SCUBA, Version Diamond (64-bit) 3.13.0.56.2
Tue Jan  9 22:37:19 2024

Copyright (c) 1991-1994 by NeoCAD Inc. All rights reserved.
Copyright (c) 1995 AT&T Corp.   All rights reserved.
Copyright (c) 1995-2001 Lucent Technologies Inc.  All rights reserved.
Copyright (c) 2001 Agere Systems   All rights reserved.
Copyright (c) 2002-2023 Lattice Semiconductor Corporation,  All rights reserved.

BEGIN SCUBA Module Synthesis

    Issued command   : /usr/local/diamond/3.13/ispfpga/bin/lin64/scuba -w -n spi_efb -lang verilog -synth lse -bus_exp 7 -bb -type efb -arch xo3c00f -freq 50 -spi -spi_mode Slave -spi_rxr -spi_txr -spi_en -wb -dev 9400 
    Circuit name     : spi_efb
    Module type      : efb
    Module Version   : 1.2
    Ports            : 
	Inputs       : wb_clk_i, wb_rst_i, wb_cyc_i, wb_stb_i, wb_we_i, wb_adr_i[7:0], wb_dat_i[7:0], spi_scsn
	Outputs      : wb_dat_o[7:0], wb_ack_o, spi_irq
	Inouts       : spi_clk, spi_miso, spi_mosi
    I/O buffer       : not inserted
    EDIF output      : spi_efb.edn
    Verilog output   : spi_efb.v
    Verilog template : spi_efb_tmpl.v
    Verilog purpose  : for synthesis and simulation
    Bus notation     : big endian
    Report output    : spi_efb.srp
    Estimated Resource Usage:

END   SCUBA Module Synthesis

File: spi_efb.lpc created.


End process: completed successfully.


Total Warnings:  0

Total Errors:  0


